This is pdfTeX, Version 3.141592653-2.6-1.40.26 (MiKTeX 24.4) (preloaded format=pdflatex 2024.9.29)  15 OCT 2024 19:29
entering extended mode
 restricted \write18 enabled.
 file:line:error style messages enabled.
 %&-line parsing enabled.
**e:/Inzynierka/main.tex
(e:/Inzynierka/main.tex
LaTeX2e <2024-06-01> patch level 2
L3 programming layer <2024-08-30>
(C:\Users\Lenovo\AppData\Local\Programs\MiKTeX\tex/latex/base\article.cls
Document Class: article 2024/02/08 v1.4n Standard LaTeX document class
(C:\Users\Lenovo\AppData\Local\Programs\MiKTeX\tex/latex/base\size12.clo
File: size12.clo 2024/02/08 v1.4n Standard LaTeX file (size option)
)
\c@part=\count194
\c@section=\count195
\c@subsection=\count196
\c@subsubsection=\count197
\c@paragraph=\count198
\c@subparagraph=\count199
\c@figure=\count266
\c@table=\count267
\abovecaptionskip=\skip49
\belowcaptionskip=\skip50
\bibindent=\dimen141
) (C:\Users\Lenovo\AppData\Local\Programs\MiKTeX\tex/latex/base\fontenc.sty
Package: fontenc 2021/04/29 v2.0v Standard LaTeX package
) (C:\Users\Lenovo\AppData\Local\Programs\MiKTeX\tex/generic/babel\babel.sty
Package: babel 2024/08/29 v24.9 The Babel package
\babel@savecnt=\count268
\U@D=\dimen142
\l@unhyphenated=\language79
 (C:\Users\Lenovo\AppData\Local\Programs\MiKTeX\tex/generic/babel\txtbabel.def)
\bbl@readstream=\read2
\bbl@dirlevel=\count269

*************************************
* Local config file bblopts.cfg used
*
(C:\Users\Lenovo\AppData\Local\Programs\MiKTeX\tex/latex/arabi\bblopts.cfg
File: bblopts.cfg 2005/09/08 v0.1 add Arabic and Farsi to "declared" options of babel
) (C:\Users\Lenovo\AppData\Local\Programs\MiKTeX\tex/latex/babel-polish\polish.ldf
Language: polish 2022/03/12 1.3 Babel support for Polish
Package babel Info: Making " an active character on input line 101.
)) (C:\Users\Lenovo\AppData\Local\Programs\MiKTeX\tex/generic/babel/locale/pl\babel-polish.tex
Package babel Info: Importing font and identification data for polish
(babel)             from babel-pl.ini. Reported on input line 11.
) (C:\Users\Lenovo\AppData\Local\Programs\MiKTeX\tex/latex/base\inputenc.sty
Package: inputenc 2024/02/08 v1.3d Input encoding file
\inpenc@prehook=\toks17
\inpenc@posthook=\toks18
) (C:\Users\Lenovo\AppData\Local\Programs\MiKTeX\tex/latex/lm\lmodern.sty
Package: lmodern 2015/05/01 v1.6.1 Latin Modern Fonts
LaTeX Font Info:    Overwriting symbol font `operators' in version `normal'
(Font)                  OT1/cmr/m/n --> OT1/lmr/m/n on input line 22.
LaTeX Font Info:    Overwriting symbol font `letters' in version `normal'
(Font)                  OML/cmm/m/it --> OML/lmm/m/it on input line 23.
LaTeX Font Info:    Overwriting symbol font `symbols' in version `normal'
(Font)                  OMS/cmsy/m/n --> OMS/lmsy/m/n on input line 24.
LaTeX Font Info:    Overwriting symbol font `largesymbols' in version `normal'
(Font)                  OMX/cmex/m/n --> OMX/lmex/m/n on input line 25.
LaTeX Font Info:    Overwriting symbol font `operators' in version `bold'
(Font)                  OT1/cmr/bx/n --> OT1/lmr/bx/n on input line 26.
LaTeX Font Info:    Overwriting symbol font `letters' in version `bold'
(Font)                  OML/cmm/b/it --> OML/lmm/b/it on input line 27.
LaTeX Font Info:    Overwriting symbol font `symbols' in version `bold'
(Font)                  OMS/cmsy/b/n --> OMS/lmsy/b/n on input line 28.
LaTeX Font Info:    Overwriting symbol font `largesymbols' in version `bold'
(Font)                  OMX/cmex/m/n --> OMX/lmex/m/n on input line 29.
LaTeX Font Info:    Overwriting math alphabet `\mathbf' in version `normal'
(Font)                  OT1/cmr/bx/n --> OT1/lmr/bx/n on input line 31.
LaTeX Font Info:    Overwriting math alphabet `\mathsf' in version `normal'
(Font)                  OT1/cmss/m/n --> OT1/lmss/m/n on input line 32.
LaTeX Font Info:    Overwriting math alphabet `\mathit' in version `normal'
(Font)                  OT1/cmr/m/it --> OT1/lmr/m/it on input line 33.
LaTeX Font Info:    Overwriting math alphabet `\mathtt' in version `normal'
(Font)                  OT1/cmtt/m/n --> OT1/lmtt/m/n on input line 34.
LaTeX Font Info:    Overwriting math alphabet `\mathbf' in version `bold'
(Font)                  OT1/cmr/bx/n --> OT1/lmr/bx/n on input line 35.
LaTeX Font Info:    Overwriting math alphabet `\mathsf' in version `bold'
(Font)                  OT1/cmss/bx/n --> OT1/lmss/bx/n on input line 36.
LaTeX Font Info:    Overwriting math alphabet `\mathit' in version `bold'
(Font)                  OT1/cmr/bx/it --> OT1/lmr/bx/it on input line 37.
LaTeX Font Info:    Overwriting math alphabet `\mathtt' in version `bold'
(Font)                  OT1/cmtt/m/n --> OT1/lmtt/m/n on input line 38.
) (C:\Users\Lenovo\AppData\Local\Programs\MiKTeX\tex/latex/graphics\graphicx.sty
Package: graphicx 2021/09/16 v1.2d Enhanced LaTeX Graphics (DPC,SPQR)
 (C:\Users\Lenovo\AppData\Local\Programs\MiKTeX\tex/latex/graphics\keyval.sty
Package: keyval 2022/05/29 v1.15 key=value parser (DPC)
\KV@toks@=\toks19
) (C:\Users\Lenovo\AppData\Local\Programs\MiKTeX\tex/latex/graphics\graphics.sty
Package: graphics 2024/05/23 v1.4g Standard LaTeX Graphics (DPC,SPQR)
 (C:\Users\Lenovo\AppData\Local\Programs\MiKTeX\tex/latex/graphics\trig.sty
Package: trig 2023/12/02 v1.11 sin cos tan (DPC)
) (C:\Users\Lenovo\AppData\Local\Programs\MiKTeX\tex/latex/graphics-cfg\graphics.cfg
File: graphics.cfg 2016/06/04 v1.11 sample graphics configuration
)
Package graphics Info: Driver file: pdftex.def on input line 106.
 (C:\Users\Lenovo\AppData\Local\Programs\MiKTeX\tex/latex/graphics-def\pdftex.def
File: pdftex.def 2024/04/13 v1.2c Graphics/color driver for pdftex
))
\Gin@req@height=\dimen143
\Gin@req@width=\dimen144
) (C:\Users\Lenovo\AppData\Local\Programs\MiKTeX\tex/latex/tools\array.sty
Package: array 2024/06/14 v2.6d Tabular extension package (FMi)
\col@sep=\dimen145
\ar@mcellbox=\box52
\extrarowheight=\dimen146
\NC@list=\toks20
\extratabsurround=\skip51
\backup@length=\skip52
\ar@cellbox=\box53
) (C:\Users\Lenovo\AppData\Local\Programs\MiKTeX\tex/latex/makecell\makecell.sty
Package: makecell 2009/08/03 V0.1e Managing of Tab Column Heads and Cells
\rotheadsize=\dimen147
\c@nlinenum=\count270
\TeXr@lab=\toks21
)
LaTeX Font Info:    Trying to load font information for T1+lmr on input line 12.
 (C:\Users\Lenovo\AppData\Local\Programs\MiKTeX\tex/latex/lm\t1lmr.fd
File: t1lmr.fd 2015/05/01 v1.6.1 Font defs for Latin Modern
) (C:\Users\Lenovo\AppData\Local\Programs\MiKTeX\tex/latex/l3backend\l3backend-pdftex.def
File: l3backend-pdftex.def 2024-05-08 L3 backend support: PDF output (pdfTeX)
\l__color_backend_stack_int=\count271
\l__pdf_internal_box=\box54
) (main.aux (Rozdzia≈Çy/Opis zaprojektowanego systemu/Podrozdzia≈Çy/Projekt bazy danych.aux

LaTeX Warning: Label `fig:nazwa_etkiety' multiply defined.


LaTeX Warning: Label `fig:nazwa_etkiety' multiply defined.


LaTeX Warning: Label `fig:nazwa_etkiety' multiply defined.

))
\openout1 = `main.aux'.

LaTeX Font Info:    Checking defaults for OML/cmm/m/it on input line 12.
LaTeX Font Info:    ... okay on input line 12.
LaTeX Font Info:    Checking defaults for OMS/cmsy/m/n on input line 12.
LaTeX Font Info:    ... okay on input line 12.
LaTeX Font Info:    Checking defaults for OT1/cmr/m/n on input line 12.
LaTeX Font Info:    ... okay on input line 12.
LaTeX Font Info:    Checking defaults for T1/cmr/m/n on input line 12.
LaTeX Font Info:    ... okay on input line 12.
LaTeX Font Info:    Checking defaults for TS1/cmr/m/n on input line 12.
LaTeX Font Info:    ... okay on input line 12.
LaTeX Font Info:    Checking defaults for OMX/cmex/m/n on input line 12.
LaTeX Font Info:    ... okay on input line 12.
LaTeX Font Info:    Checking defaults for U/cmr/m/n on input line 12.
LaTeX Font Info:    ... okay on input line 12.
 (C:\Users\Lenovo\AppData\Local\Programs\MiKTeX\tex/context/base/mkii\supp-pdf.mkii
[Loading MPS to PDF converter (version 2006.09.02).]
\scratchcounter=\count272
\scratchdimen=\dimen148
\scratchbox=\box55
\nofMPsegments=\count273
\nofMParguments=\count274
\everyMPshowfont=\toks22
\MPscratchCnt=\count275
\MPscratchDim=\dimen149
\MPnumerator=\count276
\makeMPintoPDFobject=\count277
\everyMPtoPDFconversion=\toks23
) (C:\Users\Lenovo\AppData\Local\Programs\MiKTeX\tex/latex/epstopdf-pkg\epstopdf-base.sty
Package: epstopdf-base 2020-01-24 v2.11 Base part for package epstopdf
Package epstopdf-base Info: Redefining graphics rule for `.eps' on input line 485.
 (C:\Users\Lenovo\AppData\Local\Programs\MiKTeX\tex/latex/00miktex\epstopdf-sys.cfg
File: epstopdf-sys.cfg 2021/03/18 v2.0 Configuration of epstopdf for MiKTeX
))

[1


{C:/Users/Lenovo/AppData/Local/MiKTeX/fonts/map/pdftex/pdftex.map}{C:/Users/Lenovo/AppData/Local/Programs/MiKTeX/fonts/enc/dvips/lm/lm-ec.enc}] (main.toc
LaTeX Font Info:    Trying to load font information for OT1+lmr on input line 5.
 (C:\Users\Lenovo\AppData\Local\Programs\MiKTeX\tex/latex/lm\ot1lmr.fd
File: ot1lmr.fd 2015/05/01 v1.6.1 Font defs for Latin Modern
)
LaTeX Font Info:    Trying to load font information for OML+lmm on input line 5.
 (C:\Users\Lenovo\AppData\Local\Programs\MiKTeX\tex/latex/lm\omllmm.fd
File: omllmm.fd 2015/05/01 v1.6.1 Font defs for Latin Modern
)
LaTeX Font Info:    Trying to load font information for OMS+lmsy on input line 5.
 (C:\Users\Lenovo\AppData\Local\Programs\MiKTeX\tex/latex/lm\omslmsy.fd
File: omslmsy.fd 2015/05/01 v1.6.1 Font defs for Latin Modern
)
LaTeX Font Info:    Trying to load font information for OMX+lmex on input line 5.
 (C:\Users\Lenovo\AppData\Local\Programs\MiKTeX\tex/latex/lm\omxlmex.fd
File: omxlmex.fd 2015/05/01 v1.6.1 Font defs for Latin Modern
)
LaTeX Font Info:    External font `lmex10' loaded for size
(Font)              <12> on input line 5.
LaTeX Font Info:    External font `lmex10' loaded for size
(Font)              <8> on input line 5.
LaTeX Font Info:    External font `lmex10' loaded for size
(Font)              <6> on input line 5.
)
\tf@toc=\write3
\openout3 = `main.toc'.



[1]
LaTeX Font Info:    Trying to load font information for TS1+lmr on input line 45.
 (C:\Users\Lenovo\AppData\Local\Programs\MiKTeX\tex/latex/lm\ts1lmr.fd
File: ts1lmr.fd 2015/05/01 v1.6.1 Font defs for Latin Modern
)

[2{C:/Users/Lenovo/AppData/Local/Programs/MiKTeX/fonts/enc/dvips/lm/lm-ts1.enc}]
\openout2 = `"Rozdzia≈Çy/Opis zaprojektowanego systemu/Podrozdzia≈Çy/Projekt bazy danych.aux"'.

 (Rozdzia≈Çy/Opis zaprojektowanego systemu/Podrozdzia≈Çy/Projekt bazy danych.tex
<Rozdzia≈Çy/Opis zaprojektowanego systemu/Podrozdzia≈Çy/LegendaODL.png, id=14, 483.30562pt x 137.7647pt>
File: Rozdzia≈Çy/Opis zaprojektowanego systemu/Podrozdzia≈Çy/LegendaODL.png Graphic file (type png)
<use Rozdzia≈Çy/Opis zaprojektowanego systemu/Podrozdzia≈Çy/LegendaODL.png>
Package pdftex.def Info: Rozdzia≈Çy/Opis zaprojektowanego systemu/Podrozdzia≈Çy/LegendaODL.png  used on input line 23.
(pdftex.def)             Requested size: 272.99881pt x 77.82036pt.

Overfull \hbox (44.27455pt too wide) in paragraph at lines 34--35
[]\T1/lmr/bx/n/12 PRACE \T1/lmr/m/n/12 - $[]$, data, czas_rozpocz¶cia, czas_zako´czenia, prze-rwa_pocz°tek,
 []

<Rozdzia≈Çy/Opis zaprojektowanego systemu/Podrozdzia≈Çy/LegendaZwiƒÖzki.png, id=16, 597.73312pt x 168.63pt>
File: Rozdzia≈Çy/Opis zaprojektowanego systemu/Podrozdzia≈Çy/LegendaZwiƒÖzki.png Graphic file (type png)
<use Rozdzia≈Çy/Opis zaprojektowanego systemu/Podrozdzia≈Çy/LegendaZwiƒÖzki.png>
Package pdftex.def Info: Rozdzia≈Çy/Opis zaprojektowanego systemu/Podrozdzia≈Çy/LegendaZwiƒÖzki.png  used on input line 42.
(pdftex.def)             Requested size: 272.99881pt x 77.01752pt.


[3

 <./Rozdzia≈Çy/Opis zaprojektowanego systemu/Podrozdzia≈Çy/LegendaODL.png>]
Overfull \hbox (55.99588pt too wide) in paragraph at lines 55--56
[]\T1/lmr/bx/n/12 Dosta™ zmiane \T1/lmr/m/n/12 - (Uªyt-kow-nicy - Gra-fiki_dzienne) - (N:M): go-dzina_rozpocz¶cia,
 []

<Rozdzia≈Çy/Opis zaprojektowanego systemu/Podrozdzia≈Çy/DataBase.png, id=21, 855.79726pt x 356.532pt>
File: Rozdzia≈Çy/Opis zaprojektowanego systemu/Podrozdzia≈Çy/DataBase.png Graphic file (type png)
<use Rozdzia≈Çy/Opis zaprojektowanego systemu/Podrozdzia≈Çy/DataBase.png>
Package pdftex.def Info: Rozdzia≈Çy/Opis zaprojektowanego systemu/Podrozdzia≈Çy/DataBase.png  used on input line 69.
(pdftex.def)             Requested size: 390.0pt x 162.478pt.
<Rozdzia≈Çy/Opis zaprojektowanego systemu/Podrozdzia≈Çy/DataBaseEN.png, id=22, 985.43156pt x 365.86688pt>
File: Rozdzia≈Çy/Opis zaprojektowanego systemu/Podrozdzia≈Çy/DataBaseEN.png Graphic file (type png)
<use Rozdzia≈Çy/Opis zaprojektowanego systemu/Podrozdzia≈Çy/DataBaseEN.png>
Package pdftex.def Info: Rozdzia≈Çy/Opis zaprojektowanego systemu/Podrozdzia≈Çy/DataBaseEN.png  used on input line 82.
(pdftex.def)             Requested size: 390.0pt x 144.79774pt.

Overfull \hbox (17.48578pt too wide) in paragraph at lines 91--102
 [][] 
 []


LaTeX Warning: `!h' float specifier changed to `!ht'.


Overfull \hbox (17.48578pt too wide) in paragraph at lines 107--114
 [][] 
 []


LaTeX Warning: `!h' float specifier changed to `!ht'.


Underfull \hbox (badness 1521) in paragraph at lines 124--124
\T1/lmr/m/n/12 st¶p-no±¢ pra-cow-nika w da-nym
 []


Underfull \hbox (badness 3657) in paragraph at lines 127--127
\T1/lmr/m/n/12 mi¶-dzy okre-±la-nymi go-dzi-nami
 []


Overfull \hbox (17.48578pt too wide) in paragraph at lines 119--130
 [][] 
 []


LaTeX Warning: `!h' float specifier changed to `!ht'.


Underfull \hbox (badness 3138) in paragraph at lines 138--138
[]|\T1/lmr/m/n/12 Uniklany iden-ty-fi-ka-tor re-je-stru
 []


Underfull \hbox (badness 6016) in paragraph at lines 138--138
\T1/lmr/m/n/12 go-dzin prze-pra-co-wa-nych przez
 []


Underfull \hbox (badness 3635) in paragraph at lines 140--140
[]|\T1/lmr/m/n/12 Status okre-±la-j°cy czy moªna
 []


Overfull \hbox (17.48578pt too wide) in paragraph at lines 135--147
 [][] 
 []


LaTeX Warning: `!h' float specifier changed to `!ht'.


Overfull \hbox (17.48578pt too wide) in paragraph at lines 152--160
 [][] 
 []


LaTeX Warning: `!h' float specifier changed to `!ht'.


Overfull \hbox (17.48578pt too wide) in paragraph at lines 165--174
 [][] 
 []


LaTeX Warning: `!h' float specifier changed to `!ht'.

)

[4 <./Rozdzia≈Çy/Opis zaprojektowanego systemu/Podrozdzia≈Çy/LegendaZwiƒÖzki.png>]

[5 <./Rozdzia≈Çy/Opis zaprojektowanego systemu/Podrozdzia≈Çy/DataBase.png> <./Rozdzia≈Çy/Opis zaprojektowanego systemu/Podrozdzia≈Çy/DataBaseEN.png>]

[6]

[7]

[8]

[9] (main.aux (Rozdzia≈Çy/Opis zaprojektowanego systemu/Podrozdzia≈Çy/Projekt bazy danych.aux))
 ***********
LaTeX2e <2024-06-01> patch level 2
L3 programming layer <2024-08-30>
 ***********


LaTeX Warning: There were multiply-defined labels.

 ) 
Here is how much of TeX's memory you used:
 3136 strings out of 473899
 56855 string characters out of 5726028
 463512 words of memory out of 5000000
 25970 multiletter control sequences out of 15000+600000
 588538 words of font info for 55 fonts, out of 8000000 for 9000
 1141 hyphenation exceptions out of 8191
 57i,10n,65p,413b,355s stack positions out of 10000i,1000n,20000p,200000b,200000s
<C:/Users/Lenovo/AppData/Local/Programs/MiKTeX/fonts/type1/public/lm/lmbx12.pfb><C:/Users/Lenovo/AppData/Local/Programs/MiKTeX/fonts/type1/public/lm/lmr12.pfb>
Output written on main.pdf (10 pages, 277024 bytes).
PDF statistics:
 59 PDF objects out of 1000 (max. 8388607)
 0 named destinations out of 1000 (max. 500000)
 21 words of extra memory for PDF output out of 10000 (max. 10000000)

